2014-05-19 19:01:12-0700 [-] Log opened.
2014-05-19 19:01:12-0700 [-] twistd 13.0.0 (/usr/bin/python 2.7.5) starting up.
2014-05-19 19:01:12-0700 [-] reactor class: twisted.internet.epollreactor.EPollReactor.
2014-05-19 19:01:12-0700 [-] ServerFactory starting on 1025
2014-05-19 19:01:12-0700 [-] Starting factory <twisted.internet.protocol.ServerFactory instance at 0x2455ab8>
2014-05-19 19:04:04-0700 [-] Received SIGTERM, shutting down.
2014-05-19 19:04:04-0700 [-] (TCP Port 1025 Closed)
2014-05-19 19:04:04-0700 [-] Stopping factory <twisted.internet.protocol.ServerFactory instance at 0x2455ab8>
2014-05-19 19:04:04-0700 [-] Main loop terminated.
2014-05-19 19:04:04-0700 [-] Server Shut Down.
2014-05-19 19:04:06-0700 [-] Log opened.
2014-05-19 19:04:06-0700 [-] twistd 13.0.0 (/usr/bin/python 2.7.5) starting up.
2014-05-19 19:04:06-0700 [-] reactor class: twisted.internet.epollreactor.EPollReactor.
2014-05-19 19:04:06-0700 [-] ServerFactory starting on 1025
2014-05-19 19:04:06-0700 [-] Starting factory <twisted.internet.protocol.ServerFactory instance at 0x27deab8>
2014-05-19 19:07:30-0700 [-] Received SIGTERM, shutting down.
2014-05-19 19:07:30-0700 [-] (TCP Port 1025 Closed)
2014-05-19 19:07:30-0700 [-] Stopping factory <twisted.internet.protocol.ServerFactory instance at 0x27deab8>
2014-05-19 19:07:30-0700 [-] Main loop terminated.
2014-05-19 19:07:30-0700 [-] Server Shut Down.
2014-05-19 19:07:32-0700 [-] Log opened.
2014-05-19 19:07:32-0700 [-] twistd 13.0.0 (/usr/bin/python 2.7.5) starting up.
2014-05-19 19:07:32-0700 [-] reactor class: twisted.internet.epollreactor.EPollReactor.
2014-05-19 19:07:32-0700 [-] Site starting on 8080
2014-05-19 19:07:32-0700 [-] Starting factory <twisted.web.server.Site instance at 0x247b0e0>
2014-05-19 20:48:11-0700 [-] Received SIGTERM, shutting down.
2014-05-19 20:48:11-0700 [-] (TCP Port 8080 Closed)
2014-05-19 20:48:11-0700 [-] Stopping factory <twisted.web.server.Site instance at 0x247b0e0>
2014-05-19 20:48:11-0700 [-] Main loop terminated.
2014-05-19 20:48:11-0700 [-] Server Shut Down.
2014-05-20 19:27:50-0700 [-] Log opened.
2014-05-20 19:27:50-0700 [-] twistd 13.0.0 (/usr/bin/python 2.7.5) starting up.
2014-05-20 19:27:50-0700 [-] reactor class: twisted.internet.epollreactor.EPollReactor.
2014-05-20 19:27:50-0700 [-] ServerFactory starting on 1025
2014-05-20 19:27:50-0700 [-] Starting factory <twisted.internet.protocol.ServerFactory instance at 0x2a10ab8>
2014-05-20 19:28:01-0700 [twisted.internet.protocol.ServerFactory] Got new client!
2014-05-20 19:28:04-0700 [MyChat,0,127.0.0.1] received ''
2014-05-20 19:28:06-0700 [MyChat,0,127.0.0.1] received '\xff\xed\xff\xfd\x06\x18\x18'
2014-05-20 19:28:15-0700 [MyChat,0,127.0.0.1] received '\xff\xfb\x06\xff\xf4\xff\xfd\x06^'
2014-05-20 19:28:16-0700 [MyChat,0,127.0.0.1] received '\xff\xfb\x06^'
2014-05-20 19:28:27-0700 [MyChat,0,127.0.0.1] Lost a client!
2014-05-20 20:40:21-0700 [-] Received SIGTERM, shutting down.
2014-05-20 20:40:21-0700 [-] (TCP Port 1025 Closed)
2014-05-20 20:40:21-0700 [-] Stopping factory <twisted.internet.protocol.ServerFactory instance at 0x2a10ab8>
2014-05-20 20:40:21-0700 [-] Main loop terminated.
2014-05-20 20:40:21-0700 [-] Server Shut Down.
